# JRE version: OpenJDK Runtime Environment Microsoft-25199 (11.0.12+7) (build 11.0.12+7)
# Java VM: OpenJDK 64-Bit Server VM Microsoft-25199 (11.0.12+7, mixed mode, tiered, compressed oops, g1 gc, windows-amd64)
Heap:
 garbage-first heap   total 566272K, used 89482K [0x00000000c0000000, 0x0000000100000000)
  region size 1024K, 10 young (10240K), 10 survivors (10240K)
 Metaspace       used 14777K, capacity 15047K, committed 15232K, reserved 1062912K
  class space    used 1500K, capacity 1609K, committed 1664K, reserved 1048576K
GC Heap History (20 events):
Event: 4.649 GC heap after
{Heap after GC invocations=22 (full 0):
 garbage-first heap   total 45056K, used 26962K [0x00000000c0000000, 0x0000000100000000)
  region size 1024K, 1 young (1024K), 1 survivors (1024K)
 Metaspace       used 12421K, capacity 12617K, committed 12800K, reserved 1060864K
  class space    used 1220K, capacity 1274K, committed 1280K, reserved 1048576K
}
Event: 4.788 GC heap before
{Heap before GC invocations=23 (full 0):
 garbage-first heap   total 45056K, used 32082K [0x00000000c0000000, 0x0000000100000000)
  region size 1024K, 6 young (6144K), 1 survivors (1024K)
 Metaspace       used 12758K, capacity 12928K, committed 13184K, reserved 1060864K
  class space    used 1248K, capacity 1315K, committed 1408K, reserved 1048576K
}
Event: 4.797 GC heap after
{Heap after GC invocations=24 (full 0):
 garbage-first heap   total 45056K, used 28105K [0x00000000c0000000, 0x0000000100000000)
  region size 1024K, 1 young (1024K), 1 survivors (1024K)
 Metaspace       used 12758K, capacity 12928K, committed 13184K, reserved 1060864K
  class space    used 1248K, capacity 1315K, committed 1408K, reserved 1048576K
}
Event: 4.894 GC heap before
{Heap before GC invocations=24 (full 0):
 garbage-first heap   total 45056K, used 33225K [0x00000000c0000000, 0x0000000100000000)
  region size 1024K, 6 young (6144K), 1 survivors (1024K)
 Metaspace       used 12912K, capacity 13062K, committed 13184K, reserved 1060864K
  class space    used 1271K, capacity 1317K, committed 1408K, reserved 1048576K
}
Event: 4.906 GC heap after
{Heap after GC invocations=25 (full 0):
 garbage-first heap   total 83968K, used 29893K [0x00000000c0000000, 0x0000000100000000)
  region size 1024K, 1 young (1024K), 1 survivors (1024K)
 Metaspace       used 12912K, capacity 13062K, committed 13184K, reserved 1060864K
  class space    used 1271K, capacity 1317K, committed 1408K, reserved 1048576K
}
Event: 5.128 GC heap before
{Heap before GC invocations=26 (full 0):
 garbage-first heap   total 83968K, used 44229K [0x00000000c0000000, 0x0000000100000000)
  region size 1024K, 16 young (16384K), 1 survivors (1024K)
 Metaspace       used 12963K, capacity 13144K, committed 13440K, reserved 1060864K
  class space    used 1271K, capacity 1341K, committed 1408K, reserved 1048576K
}
Event: 5.157 GC heap after
{Heap after GC invocations=27 (full 0):
 garbage-first heap   total 83968K, used 34800K [0x00000000c0000000, 0x0000000100000000)
  region size 1024K, 2 young (2048K), 2 survivors (2048K)
 Metaspace       used 12963K, capacity 13144K, committed 13440K, reserved 1060864K
  class space    used 1271K, capacity 1341K, committed 1408K, reserved 1048576K
}
Event: 5.312 GC heap before
{Heap before GC invocations=27 (full 0):
 garbage-first heap   total 83968K, used 49136K [0x00000000c0000000, 0x0000000100000000)
  region size 1024K, 17 young (17408K), 2 survivors (2048K)
 Metaspace       used 13143K, capacity 13362K, committed 13440K, reserved 1060864K
  class space    used 1288K, capacity 1350K, committed 1408K, reserved 1048576K
}
Event: 5.350 GC heap after
{Heap after GC invocations=28 (full 0):
 garbage-first heap   total 83968K, used 39529K [0x00000000c0000000, 0x0000000100000000)
  region size 1024K, 3 young (3072K), 3 survivors (3072K)
 Metaspace       used 13143K, capacity 13362K, committed 13440K, reserved 1060864K
  class space    used 1288K, capacity 1350K, committed 1408K, reserved 1048576K
}
Event: 5.488 GC heap before
{Heap before GC invocations=28 (full 0):
 garbage-first heap   total 83968K, used 53865K [0x00000000c0000000, 0x0000000100000000)
  region size 1024K, 17 young (17408K), 3 survivors (3072K)
 Metaspace       used 13157K, capacity 13363K, committed 13440K, reserved 1060864K
  class space    used 1288K, capacity 1350K, committed 1408K, reserved 1048576K
}
Event: 5.524 GC heap after
{Heap after GC invocations=29 (full 0):
 garbage-first heap   total 83968K, used 43613K [0x00000000c0000000, 0x0000000100000000)
  region size 1024K, 3 young (3072K), 3 survivors (3072K)
 Metaspace       used 13157K, capacity 13363K, committed 13440K, reserved 1060864K
  class space    used 1288K, capacity 1350K, committed 1408K, reserved 1048576K
}
Event: 5.607 GC heap before
{Heap before GC invocations=29 (full 0):
 garbage-first heap   total 83968K, used 56925K [0x00000000c0000000, 0x0000000100000000)
  region size 1024K, 16 young (16384K), 3 survivors (3072K)
 Metaspace       used 13179K, capacity 13366K, committed 13440K, reserved 1060864K
  class space    used 1288K, capacity 1350K, committed 1408K, reserved 1048576K
}
Event: 5.645 GC heap after
{Heap after GC invocations=30 (full 0):
 garbage-first heap   total 244736K, used 47055K [0x00000000c0000000, 0x0000000100000000)
  region size 1024K, 2 young (2048K), 2 survivors (2048K)
 Metaspace       used 13179K, capacity 13366K, committed 13440K, reserved 1060864K
  class space    used 1288K, capacity 1350K, committed 1408K, reserved 1048576K
}
Event: 6.054 GC heap before
{Heap before GC invocations=31 (full 0):
 garbage-first heap   total 244736K, used 86991K [0x00000000c0000000, 0x0000000100000000)
  region size 1024K, 42 young (43008K), 2 survivors (2048K)
 Metaspace       used 13201K, capacity 13349K, committed 13440K, reserved 1060864K
  class space    used 1285K, capacity 1342K, committed 1408K, reserved 1048576K
}
Event: 6.200 GC heap after
{Heap after GC invocations=32 (full 0):
 garbage-first heap   total 244736K, used 56720K [0x00000000c0000000, 0x0000000100000000)
  region size 1024K, 6 young (6144K), 6 survivors (6144K)
 Metaspace       used 13201K, capacity 13349K, committed 13440K, reserved 1060864K
  class space    used 1285K, capacity 1342K, committed 1408K, reserved 1048576K
}
Event: 7.395 GC heap before
{Heap before GC invocations=32 (full 0):
 garbage-first heap   total 244736K, used 94608K [0x00000000c0000000, 0x0000000100000000)
  region size 1024K, 43 young (44032K), 6 survivors (6144K)
 Metaspace       used 14711K, capacity 14982K, committed 15232K, reserved 1062912K
  class space    used 1496K, capacity 1609K, committed 1664K, reserved 1048576K
}
Event: 7.467 GC heap after
{Heap after GC invocations=33 (full 0):
 garbage-first heap   total 244736K, used 63997K [0x00000000c0000000, 0x0000000100000000)
  region size 1024K, 6 young (6144K), 6 survivors (6144K)
 Metaspace       used 14711K, capacity 14982K, committed 15232K, reserved 1062912K
  class space    used 1496K, capacity 1609K, committed 1664K, reserved 1048576K
}
Event: 7.929 GC heap before
{Heap before GC invocations=33 (full 0):
 garbage-first heap   total 244736K, used 125437K [0x00000000c0000000, 0x0000000100000000)
  region size 1024K, 66 young (67584K), 6 survivors (6144K)
 Metaspace       used 14774K, capacity 15047K, committed 15232K, reserved 1062912K
  class space    used 1500K, capacity 1609K, committed 1664K, reserved 1048576K
}
Event: 7.995 GC heap after
{Heap after GC invocations=34 (full 0):
 garbage-first heap   total 244736K, used 76073K [0x00000000c0000000, 0x0000000100000000)
  region size 1024K, 9 young (9216K), 9 survivors (9216K)
 Metaspace       used 14774K, capacity 15047K, committed 15232K, reserved 1062912K
  class space    used 1500K, capacity 1609K, committed 1664K, reserved 1048576K
}
Event: 8.673 GC heap before
{Heap before GC invocations=34 (full 0):
 garbage-first heap   total 244736K, used 146729K [0x00000000c0000000, 0x0000000100000000)
  region size 1024K, 78 young (79872K), 9 survivors (9216K)
 Metaspace       used 14777K, capacity 15047K, committed 15232K, reserved 1062912K
  class space    used 1500K, capacity 1609K, committed 1664K, reserved 1048576K
}

