# JRE version: OpenJDK Runtime Environment Microsoft-25199 (11.0.12+7) (build 11.0.12+7)
# Java VM: OpenJDK 64-Bit Server VM Microsoft-25199 (11.0.12+7, mixed mode, tiered, compressed oops, g1 gc, windows-amd64)
Heap:
 garbage-first heap   total 176128K, used 70090K [0x00000000e2400000, 0x0000000100000000)
  region size 1024K, 11 young (11264K), 2 survivors (2048K)
 Metaspace       used 10068K, capacity 10254K, committed 10496K, reserved 1058816K
  class space    used 952K, capacity 1014K, committed 1024K, reserved 1048576K
GC Heap History (20 events):
Event: 6.395 GC heap before
{Heap before GC invocations=23 (full 0):
 garbage-first heap   total 62464K, used 40729K [0x00000000e2400000, 0x0000000100000000)
  region size 1024K, 8 young (8192K), 1 survivors (1024K)
 Metaspace       used 10015K, capacity 10190K, committed 10240K, reserved 1058816K
  class space    used 947K, capacity 1014K, committed 1024K, reserved 1048576K
}
Event: 6.412 GC heap after
{Heap after GC invocations=24 (full 0):
 garbage-first heap   total 62464K, used 39936K [0x00000000e2400000, 0x0000000100000000)
  region size 1024K, 1 young (1024K), 1 survivors (1024K)
 Metaspace       used 10015K, capacity 10190K, committed 10240K, reserved 1058816K
  class space    used 947K, capacity 1014K, committed 1024K, reserved 1048576K
}
Event: 6.424 GC heap before
{Heap before GC invocations=24 (full 0):
 garbage-first heap   total 62464K, used 41984K [0x00000000e2400000, 0x0000000100000000)
  region size 1024K, 3 young (3072K), 1 survivors (1024K)
 Metaspace       used 10015K, capacity 10190K, committed 10240K, reserved 1058816K
  class space    used 947K, capacity 1014K, committed 1024K, reserved 1048576K
}
Event: 6.435 GC heap after
{Heap after GC invocations=25 (full 0):
 garbage-first heap   total 81920K, used 35247K [0x00000000e2400000, 0x0000000100000000)
  region size 1024K, 1 young (1024K), 1 survivors (1024K)
 Metaspace       used 10015K, capacity 10190K, committed 10240K, reserved 1058816K
  class space    used 947K, capacity 1014K, committed 1024K, reserved 1048576K
}
Event: 6.473 GC heap before
{Heap before GC invocations=25 (full 0):
 garbage-first heap   total 81920K, used 38319K [0x00000000e2400000, 0x0000000100000000)
  region size 1024K, 4 young (4096K), 1 survivors (1024K)
 Metaspace       used 10015K, capacity 10190K, committed 10240K, reserved 1058816K
  class space    used 947K, capacity 1014K, committed 1024K, reserved 1048576K
}
Event: 6.495 GC heap after
{Heap after GC invocations=26 (full 0):
 garbage-first heap   total 81920K, used 37418K [0x00000000e2400000, 0x0000000100000000)
  region size 1024K, 1 young (1024K), 1 survivors (1024K)
 Metaspace       used 10015K, capacity 10190K, committed 10240K, reserved 1058816K
  class space    used 947K, capacity 1014K, committed 1024K, reserved 1048576K
}
Event: 6.575 GC heap before
{Heap before GC invocations=26 (full 0):
 garbage-first heap   total 81920K, used 59946K [0x00000000e2400000, 0x0000000100000000)
  region size 1024K, 12 young (12288K), 1 survivors (1024K)
 Metaspace       used 10015K, capacity 10190K, committed 10240K, reserved 1058816K
  class space    used 947K, capacity 1014K, committed 1024K, reserved 1048576K
}
Event: 6.588 GC heap after
{Heap after GC invocations=27 (full 0):
 garbage-first heap   total 81920K, used 46908K [0x00000000e2400000, 0x0000000100000000)
  region size 1024K, 2 young (2048K), 2 survivors (2048K)
 Metaspace       used 10015K, capacity 10190K, committed 10240K, reserved 1058816K
  class space    used 947K, capacity 1014K, committed 1024K, reserved 1048576K
}
Event: 6.622 GC heap before
{Heap before GC invocations=27 (full 0):
 garbage-first heap   total 81920K, used 56124K [0x00000000e2400000, 0x0000000100000000)
  region size 1024K, 11 young (11264K), 2 survivors (2048K)
 Metaspace       used 10026K, capacity 10190K, committed 10240K, reserved 1058816K
  class space    used 947K, capacity 1014K, committed 1024K, reserved 1048576K
}
Event: 6.638 GC heap after
{Heap after GC invocations=28 (full 0):
 garbage-first heap   total 81920K, used 52451K [0x00000000e2400000, 0x0000000100000000)
  region size 1024K, 2 young (2048K), 2 survivors (2048K)
 Metaspace       used 10026K, capacity 10190K, committed 10240K, reserved 1058816K
  class space    used 947K, capacity 1014K, committed 1024K, reserved 1048576K
}
Event: 6.721 GC heap before
{Heap before GC invocations=28 (full 0):
 garbage-first heap   total 81920K, used 59619K [0x00000000e2400000, 0x0000000100000000)
  region size 1024K, 9 young (9216K), 2 survivors (2048K)
 Metaspace       used 10030K, capacity 10190K, committed 10240K, reserved 1058816K
  class space    used 947K, capacity 1014K, committed 1024K, reserved 1048576K
}
Event: 6.737 GC heap after
{Heap after GC invocations=29 (full 0):
 garbage-first heap   total 98304K, used 57795K [0x00000000e2400000, 0x0000000100000000)
  region size 1024K, 2 young (2048K), 2 survivors (2048K)
 Metaspace       used 10030K, capacity 10190K, committed 10240K, reserved 1058816K
  class space    used 947K, capacity 1014K, committed 1024K, reserved 1048576K
}
Event: 7.051 GC heap before
{Heap before GC invocations=30 (full 0):
 garbage-first heap   total 98304K, used 72131K [0x00000000e2400000, 0x0000000100000000)
  region size 1024K, 12 young (12288K), 2 survivors (2048K)
 Metaspace       used 10067K, capacity 10254K, committed 10496K, reserved 1058816K
  class space    used 952K, capacity 1014K, committed 1024K, reserved 1048576K
}
Event: 7.065 GC heap after
{Heap after GC invocations=31 (full 0):
 garbage-first heap   total 98304K, used 62964K [0x00000000e2400000, 0x0000000100000000)
  region size 1024K, 2 young (2048K), 2 survivors (2048K)
 Metaspace       used 10067K, capacity 10254K, committed 10496K, reserved 1058816K
  class space    used 952K, capacity 1014K, committed 1024K, reserved 1048576K
}
Event: 7.071 GC heap before
{Heap before GC invocations=31 (full 0):
 garbage-first heap   total 98304K, used 65012K [0x00000000e2400000, 0x0000000100000000)
  region size 1024K, 4 young (4096K), 2 survivors (2048K)
 Metaspace       used 10067K, capacity 10254K, committed 10496K, reserved 1058816K
  class space    used 952K, capacity 1014K, committed 1024K, reserved 1048576K
}
Event: 7.083 GC heap after
{Heap after GC invocations=32 (full 0):
 garbage-first heap   total 98304K, used 59392K [0x00000000e2400000, 0x0000000100000000)
  region size 1024K, 1 young (1024K), 1 survivors (1024K)
 Metaspace       used 10067K, capacity 10254K, committed 10496K, reserved 1058816K
  class space    used 952K, capacity 1014K, committed 1024K, reserved 1048576K
}
Event: 7.122 GC heap before
{Heap before GC invocations=32 (full 0):
 garbage-first heap   total 98304K, used 69632K [0x00000000e2400000, 0x0000000100000000)
  region size 1024K, 11 young (11264K), 1 survivors (1024K)
 Metaspace       used 10067K, capacity 10254K, committed 10496K, reserved 1058816K
  class space    used 952K, capacity 1014K, committed 1024K, reserved 1048576K
}
Event: 7.142 GC heap after
{Heap after GC invocations=33 (full 0):
 garbage-first heap   total 98304K, used 65000K [0x00000000e2400000, 0x0000000100000000)
  region size 1024K, 2 young (2048K), 2 survivors (2048K)
 Metaspace       used 10067K, capacity 10254K, committed 10496K, reserved 1058816K
  class space    used 952K, capacity 1014K, committed 1024K, reserved 1048576K
}
Event: 7.199 GC heap before
{Heap before GC invocations=33 (full 0):
 garbage-first heap   total 98304K, used 85480K [0x00000000e2400000, 0x0000000100000000)
  region size 1024K, 10 young (10240K), 2 survivors (2048K)
 Metaspace       used 10067K, capacity 10254K, committed 10496K, reserved 1058816K
  class space    used 952K, capacity 1014K, committed 1024K, reserved 1048576K
}
Event: 7.211 GC heap after
{Heap after GC invocations=34 (full 0):
 garbage-first heap   total 176128K, used 73162K [0x00000000e2400000, 0x0000000100000000)
  region size 1024K, 2 young (2048K), 2 survivors (2048K)
 Metaspace       used 10067K, capacity 10254K, committed 10496K, reserved 1058816K
  class space    used 952K, capacity 1014K, committed 1024K, reserved 1048576K
}

